[15-Jun-2023 10:26:34 UTC] PHP Deprecated:  trim(): Passing null to parameter #1 ($string) of type string is deprecated in D:\wordpress.website\app\public\wp-content\plugins\localization\vendor\wpsyntex\polylang\include\class-polylang.php on line 98
[15-Jun-2023 10:26:34 UTC] PHP Notice:  Function is_feed was called <strong>incorrectly</strong>. Conditional query tags do not work before the query is run. Before then, they always return false. Please see <a href="https://wordpress.org/documentation/article/debugging-in-wordpress/">Debugging in WordPress</a> for more information. (This message was added in version 3.1.0.) in D:\wordpress.website\app\public\wp-includes\functions.php on line 5865
[15-Jun-2023 10:26:34 UTC] PHP Fatal error:  Uncaught TypeError: call_user_func_array(): Argument #1 ($callback) must be a valid callback, class Functions\Start does not have a method "enqueue_cripts" in D:\wordpress.website\app\public\wp-includes\class-wp-hook.php:308
Stack trace:
#0 D:\wordpress.website\app\public\wp-includes\class-wp-hook.php(332): WP_Hook->apply_filters(NULL, Array)
#1 D:\wordpress.website\app\public\wp-includes\plugin.php(517): WP_Hook->do_action(Array)
#2 D:\wordpress.website\app\public\wp-includes\script-loader.php(2194): do_action('wp_enqueue_scri...')
#3 D:\wordpress.website\app\public\wp-includes\class-wp-hook.php(308): wp_enqueue_scripts('')
#4 D:\wordpress.website\app\public\wp-includes\class-wp-hook.php(332): WP_Hook->apply_filters(NULL, Array)
#5 D:\wordpress.website\app\public\wp-includes\plugin.php(517): WP_Hook->do_action(Array)
#6 D:\wordpress.website\app\public\wp-includes\general-template.php(3049): do_action('wp_head')
#7 D:\wordpress.website\app\public\wp-content\themes\wordpresstheme\header.php(24): wp_head()
#8 D:\wordpress.website\app\public\wp-includes\template.php(783): require_once('D:\\wordpress.we...')
#9 D:\wordpress.website\app\public\wp-includes\template.php(718): load_template('D:\\wordpress.we...', true, Array)
#10 D:\wordpress.website\app\public\wp-includes\general-template.php(48): locate_template(Array, true, true, Array)
#11 D:\wordpress.website\app\public\wp-content\themes\wordpresstheme\page-home.php(6): get_header()
#12 D:\wordpress.website\app\public\wp-includes\template-loader.php(106): include('D:\\wordpress.we...')
#13 D:\wordpress.website\app\public\wp-blog-header.php(19): require_once('D:\\wordpress.we...')
#14 D:\wordpress.website\app\public\index.php(17): require('D:\\wordpress.we...')
#15 {main}
  thrown in D:\wordpress.website\app\public\wp-includes\class-wp-hook.php on line 308
[15-Jun-2023 10:26:34 UTC] PHP Deprecated:  trim(): Passing null to parameter #1 ($string) of type string is deprecated in D:\wordpress.website\app\public\wp-content\plugins\localization\vendor\wpsyntex\polylang\include\class-polylang.php on line 98
[15-Jun-2023 10:26:34 UTC] PHP Notice:  Function is_feed was called <strong>incorrectly</strong>. Conditional query tags do not work before the query is run. Before then, they always return false. Please see <a href="https://wordpress.org/documentation/article/debugging-in-wordpress/">Debugging in WordPress</a> for more information. (This message was added in version 3.1.0.) in D:\wordpress.website\app\public\wp-includes\functions.php on line 5865
[15-Jun-2023 10:26:34 UTC] PHP Fatal error:  Uncaught TypeError: call_user_func_array(): Argument #1 ($callback) must be a valid callback, class Functions\Start does not have a method "enqueue_cripts" in D:\wordpress.website\app\public\wp-includes\class-wp-hook.php:308
Stack trace:
#0 D:\wordpress.website\app\public\wp-includes\class-wp-hook.php(332): WP_Hook->apply_filters(NULL, Array)
#1 D:\wordpress.website\app\public\wp-includes\plugin.php(517): WP_Hook->do_action(Array)
#2 D:\wordpress.website\app\public\wp-includes\script-loader.php(2194): do_action('wp_enqueue_scri...')
#3 D:\wordpress.website\app\public\wp-includes\class-wp-hook.php(308): wp_enqueue_scripts('')
#4 D:\wordpress.website\app\public\wp-includes\class-wp-hook.php(332): WP_Hook->apply_filters(NULL, Array)
#5 D:\wordpress.website\app\public\wp-includes\plugin.php(517): WP_Hook->do_action(Array)
#6 D:\wordpress.website\app\public\wp-includes\general-template.php(3049): do_action('wp_head')
#7 D:\wordpress.website\app\public\wp-content\themes\wordpresstheme\header.php(24): wp_head()
#8 D:\wordpress.website\app\public\wp-includes\template.php(783): require_once('D:\\wordpress.we...')
#9 D:\wordpress.website\app\public\wp-includes\template.php(718): load_template('D:\\wordpress.we...', true, Array)
#10 D:\wordpress.website\app\public\wp-includes\general-template.php(48): locate_template(Array, true, true, Array)
#11 D:\wordpress.website\app\public\wp-content\themes\wordpresstheme\404.php(1): get_header()
#12 D:\wordpress.website\app\public\wp-includes\template-loader.php(106): include('D:\\wordpress.we...')
#13 D:\wordpress.website\app\public\wp-blog-header.php(19): require_once('D:\\wordpress.we...')
#14 D:\wordpress.website\app\public\index.php(17): require('D:\\wordpress.we...')
#15 {main}
  thrown in D:\wordpress.website\app\public\wp-includes\class-wp-hook.php on line 308
[15-Jun-2023 10:26:34 UTC] PHP Deprecated:  trim(): Passing null to parameter #1 ($string) of type string is deprecated in D:\wordpress.website\app\public\wp-content\plugins\localization\vendor\wpsyntex\polylang\include\class-polylang.php on line 98
[15-Jun-2023 10:26:34 UTC] PHP Notice:  Function is_feed was called <strong>incorrectly</strong>. Conditional query tags do not work before the query is run. Before then, they always return false. Please see <a href="https://wordpress.org/documentation/article/debugging-in-wordpress/">Debugging in WordPress</a> for more information. (This message was added in version 3.1.0.) in D:\wordpress.website\app\public\wp-includes\functions.php on line 5865
[15-Jun-2023 10:26:34 UTC] PHP Fatal error:  Uncaught TypeError: call_user_func_array(): Argument #1 ($callback) must be a valid callback, class Functions\Start does not have a method "enqueue_cripts" in D:\wordpress.website\app\public\wp-includes\class-wp-hook.php:308
Stack trace:
#0 D:\wordpress.website\app\public\wp-includes\class-wp-hook.php(332): WP_Hook->apply_filters(NULL, Array)
#1 D:\wordpress.website\app\public\wp-includes\plugin.php(517): WP_Hook->do_action(Array)
#2 D:\wordpress.website\app\public\wp-includes\script-loader.php(2194): do_action('wp_enqueue_scri...')
#3 D:\wordpress.website\app\public\wp-includes\class-wp-hook.php(308): wp_enqueue_scripts('')
#4 D:\wordpress.website\app\public\wp-includes\class-wp-hook.php(332): WP_Hook->apply_filters(NULL, Array)
#5 D:\wordpress.website\app\public\wp-includes\plugin.php(517): WP_Hook->do_action(Array)
#6 D:\wordpress.website\app\public\wp-includes\general-template.php(3049): do_action('wp_head')
#7 D:\wordpress.website\app\public\wp-content\themes\wordpresstheme\header.php(24): wp_head()
#8 D:\wordpress.website\app\public\wp-includes\template.php(783): require_once('D:\\wordpress.we...')
#9 D:\wordpress.website\app\public\wp-includes\template.php(718): load_template('D:\\wordpress.we...', true, Array)
#10 D:\wordpress.website\app\public\wp-includes\general-template.php(48): locate_template(Array, true, true, Array)
#11 D:\wordpress.website\app\public\wp-content\themes\wordpresstheme\404.php(1): get_header()
#12 D:\wordpress.website\app\public\wp-includes\template-loader.php(106): include('D:\\wordpress.we...')
#13 D:\wordpress.website\app\public\wp-blog-header.php(19): require_once('D:\\wordpress.we...')
#14 D:\wordpress.website\app\public\index.php(17): require('D:\\wordpress.we...')
#15 {main}
  thrown in D:\wordpress.website\app\public\wp-includes\class-wp-hook.php on line 308
[15-Jun-2023 10:43:42 UTC] PHP Deprecated:  trim(): Passing null to parameter #1 ($string) of type string is deprecated in D:\wordpress.website\app\public\wp-content\plugins\localization\vendor\wpsyntex\polylang\include\class-polylang.php on line 98
[15-Jun-2023 10:43:42 UTC] PHP Notice:  Function is_feed was called <strong>incorrectly</strong>. Conditional query tags do not work before the query is run. Before then, they always return false. Please see <a href="https://wordpress.org/documentation/article/debugging-in-wordpress/">Debugging in WordPress</a> for more information. (This message was added in version 3.1.0.) in D:\wordpress.website\app\public\wp-includes\functions.php on line 5865
[15-Jun-2023 10:43:42 UTC] PHP Fatal error:  Uncaught TypeError: call_user_func_array(): Argument #1 ($callback) must be a valid callback, class Functions\Start does not have a method "enqueue_cripts" in D:\wordpress.website\app\public\wp-includes\class-wp-hook.php:308
Stack trace:
#0 D:\wordpress.website\app\public\wp-includes\class-wp-hook.php(332): WP_Hook->apply_filters(NULL, Array)
#1 D:\wordpress.website\app\public\wp-includes\plugin.php(517): WP_Hook->do_action(Array)
#2 D:\wordpress.website\app\public\wp-includes\script-loader.php(2194): do_action('wp_enqueue_scri...')
#3 D:\wordpress.website\app\public\wp-includes\class-wp-hook.php(308): wp_enqueue_scripts('')
#4 D:\wordpress.website\app\public\wp-includes\class-wp-hook.php(332): WP_Hook->apply_filters(NULL, Array)
#5 D:\wordpress.website\app\public\wp-includes\plugin.php(517): WP_Hook->do_action(Array)
#6 D:\wordpress.website\app\public\wp-includes\general-template.php(3049): do_action('wp_head')
#7 D:\wordpress.website\app\public\wp-content\themes\wordpresstheme\header.php(24): wp_head()
#8 D:\wordpress.website\app\public\wp-includes\template.php(783): require_once('D:\\wordpress.we...')
#9 D:\wordpress.website\app\public\wp-includes\template.php(718): load_template('D:\\wordpress.we...', true, Array)
#10 D:\wordpress.website\app\public\wp-includes\general-template.php(48): locate_template(Array, true, true, Array)
#11 D:\wordpress.website\app\public\wp-content\themes\wordpresstheme\page-home.php(6): get_header()
#12 D:\wordpress.website\app\public\wp-includes\template-loader.php(106): include('D:\\wordpress.we...')
#13 D:\wordpress.website\app\public\wp-blog-header.php(19): require_once('D:\\wordpress.we...')
#14 D:\wordpress.website\app\public\index.php(17): require('D:\\wordpress.we...')
#15 {main}
  thrown in D:\wordpress.website\app\public\wp-includes\class-wp-hook.php on line 308
[15-Jun-2023 10:43:42 UTC] PHP Deprecated:  trim(): Passing null to parameter #1 ($string) of type string is deprecated in D:\wordpress.website\app\public\wp-content\plugins\localization\vendor\wpsyntex\polylang\include\class-polylang.php on line 98
[15-Jun-2023 10:43:42 UTC] PHP Notice:  Function is_feed was called <strong>incorrectly</strong>. Conditional query tags do not work before the query is run. Before then, they always return false. Please see <a href="https://wordpress.org/documentation/article/debugging-in-wordpress/">Debugging in WordPress</a> for more information. (This message was added in version 3.1.0.) in D:\wordpress.website\app\public\wp-includes\functions.php on line 5865
[15-Jun-2023 10:43:42 UTC] PHP Fatal error:  Uncaught TypeError: call_user_func_array(): Argument #1 ($callback) must be a valid callback, class Functions\Start does not have a method "enqueue_cripts" in D:\wordpress.website\app\public\wp-includes\class-wp-hook.php:308
Stack trace:
#0 D:\wordpress.website\app\public\wp-includes\class-wp-hook.php(332): WP_Hook->apply_filters(NULL, Array)
#1 D:\wordpress.website\app\public\wp-includes\plugin.php(517): WP_Hook->do_action(Array)
#2 D:\wordpress.website\app\public\wp-includes\script-loader.php(2194): do_action('wp_enqueue_scri...')
#3 D:\wordpress.website\app\public\wp-includes\class-wp-hook.php(308): wp_enqueue_scripts('')
#4 D:\wordpress.website\app\public\wp-includes\class-wp-hook.php(332): WP_Hook->apply_filters(NULL, Array)
#5 D:\wordpress.website\app\public\wp-includes\plugin.php(517): WP_Hook->do_action(Array)
#6 D:\wordpress.website\app\public\wp-includes\general-template.php(3049): do_action('wp_head')
#7 D:\wordpress.website\app\public\wp-content\themes\wordpresstheme\header.php(24): wp_head()
#8 D:\wordpress.website\app\public\wp-includes\template.php(783): require_once('D:\\wordpress.we...')
#9 D:\wordpress.website\app\public\wp-includes\template.php(718): load_template('D:\\wordpress.we...', true, Array)
#10 D:\wordpress.website\app\public\wp-includes\general-template.php(48): locate_template(Array, true, true, Array)
#11 D:\wordpress.website\app\public\wp-content\themes\wordpresstheme\404.php(1): get_header()
#12 D:\wordpress.website\app\public\wp-includes\template-loader.php(106): include('D:\\wordpress.we...')
#13 D:\wordpress.website\app\public\wp-blog-header.php(19): require_once('D:\\wordpress.we...')
#14 D:\wordpress.website\app\public\index.php(17): require('D:\\wordpress.we...')
#15 {main}
  thrown in D:\wordpress.website\app\public\wp-includes\class-wp-hook.php on line 308
[15-Jun-2023 10:43:42 UTC] PHP Deprecated:  trim(): Passing null to parameter #1 ($string) of type string is deprecated in D:\wordpress.website\app\public\wp-content\plugins\localization\vendor\wpsyntex\polylang\include\class-polylang.php on line 98
[15-Jun-2023 10:43:42 UTC] PHP Notice:  Function is_feed was called <strong>incorrectly</strong>. Conditional query tags do not work before the query is run. Before then, they always return false. Please see <a href="https://wordpress.org/documentation/article/debugging-in-wordpress/">Debugging in WordPress</a> for more information. (This message was added in version 3.1.0.) in D:\wordpress.website\app\public\wp-includes\functions.php on line 5865
[15-Jun-2023 10:43:42 UTC] PHP Fatal error:  Uncaught TypeError: call_user_func_array(): Argument #1 ($callback) must be a valid callback, class Functions\Start does not have a method "enqueue_cripts" in D:\wordpress.website\app\public\wp-includes\class-wp-hook.php:308
Stack trace:
#0 D:\wordpress.website\app\public\wp-includes\class-wp-hook.php(332): WP_Hook->apply_filters(NULL, Array)
#1 D:\wordpress.website\app\public\wp-includes\plugin.php(517): WP_Hook->do_action(Array)
#2 D:\wordpress.website\app\public\wp-includes\script-loader.php(2194): do_action('wp_enqueue_scri...')
#3 D:\wordpress.website\app\public\wp-includes\class-wp-hook.php(308): wp_enqueue_scripts('')
#4 D:\wordpress.website\app\public\wp-includes\class-wp-hook.php(332): WP_Hook->apply_filters(NULL, Array)
#5 D:\wordpress.website\app\public\wp-includes\plugin.php(517): WP_Hook->do_action(Array)
#6 D:\wordpress.website\app\public\wp-includes\general-template.php(3049): do_action('wp_head')
#7 D:\wordpress.website\app\public\wp-content\themes\wordpresstheme\header.php(24): wp_head()
#8 D:\wordpress.website\app\public\wp-includes\template.php(783): require_once('D:\\wordpress.we...')
#9 D:\wordpress.website\app\public\wp-includes\template.php(718): load_template('D:\\wordpress.we...', true, Array)
#10 D:\wordpress.website\app\public\wp-includes\general-template.php(48): locate_template(Array, true, true, Array)
#11 D:\wordpress.website\app\public\wp-content\themes\wordpresstheme\404.php(1): get_header()
#12 D:\wordpress.website\app\public\wp-includes\template-loader.php(106): include('D:\\wordpress.we...')
#13 D:\wordpress.website\app\public\wp-blog-header.php(19): require_once('D:\\wordpress.we...')
#14 D:\wordpress.website\app\public\index.php(17): require('D:\\wordpress.we...')
#15 {main}
  thrown in D:\wordpress.website\app\public\wp-includes\class-wp-hook.php on line 308
[15-Jun-2023 10:43:43 UTC] PHP Deprecated:  trim(): Passing null to parameter #1 ($string) of type string is deprecated in D:\wordpress.website\app\public\wp-content\plugins\localization\vendor\wpsyntex\polylang\include\class-polylang.php on line 98
[15-Jun-2023 10:43:43 UTC] PHP Notice:  Function is_feed was called <strong>incorrectly</strong>. Conditional query tags do not work before the query is run. Before then, they always return false. Please see <a href="https://wordpress.org/documentation/article/debugging-in-wordpress/">Debugging in WordPress</a> for more information. (This message was added in version 3.1.0.) in D:\wordpress.website\app\public\wp-includes\functions.php on line 5865
[15-Jun-2023 10:43:43 UTC] PHP Fatal error:  Uncaught TypeError: call_user_func_array(): Argument #1 ($callback) must be a valid callback, class Functions\Start does not have a method "enqueue_cripts" in D:\wordpress.website\app\public\wp-includes\class-wp-hook.php:308
Stack trace:
#0 D:\wordpress.website\app\public\wp-includes\class-wp-hook.php(332): WP_Hook->apply_filters(NULL, Array)
#1 D:\wordpress.website\app\public\wp-includes\plugin.php(517): WP_Hook->do_action(Array)
#2 D:\wordpress.website\app\public\wp-includes\script-loader.php(2194): do_action('wp_enqueue_scri...')
#3 D:\wordpress.website\app\public\wp-includes\class-wp-hook.php(308): wp_enqueue_scripts('')
#4 D:\wordpress.website\app\public\wp-includes\class-wp-hook.php(332): WP_Hook->apply_filters(NULL, Array)
#5 D:\wordpress.website\app\public\wp-includes\plugin.php(517): WP_Hook->do_action(Array)
#6 D:\wordpress.website\app\public\wp-includes\general-template.php(3049): do_action('wp_head')
#7 D:\wordpress.website\app\public\wp-content\themes\wordpresstheme\header.php(24): wp_head()
#8 D:\wordpress.website\app\public\wp-includes\template.php(783): require_once('D:\\wordpress.we...')
#9 D:\wordpress.website\app\public\wp-includes\template.php(718): load_template('D:\\wordpress.we...', true, Array)
#10 D:\wordpress.website\app\public\wp-includes\general-template.php(48): locate_template(Array, true, true, Array)
#11 D:\wordpress.website\app\public\wp-content\themes\wordpresstheme\page-home.php(6): get_header()
#12 D:\wordpress.website\app\public\wp-includes\template-loader.php(106): include('D:\\wordpress.we...')
#13 D:\wordpress.website\app\public\wp-blog-header.php(19): require_once('D:\\wordpress.we...')
#14 D:\wordpress.website\app\public\index.php(17): require('D:\\wordpress.we...')
#15 {main}
  thrown in D:\wordpress.website\app\public\wp-includes\class-wp-hook.php on line 308
[15-Jun-2023 10:43:43 UTC] PHP Deprecated:  trim(): Passing null to parameter #1 ($string) of type string is deprecated in D:\wordpress.website\app\public\wp-content\plugins\localization\vendor\wpsyntex\polylang\include\class-polylang.php on line 98
[15-Jun-2023 10:43:43 UTC] PHP Notice:  Function is_feed was called <strong>incorrectly</strong>. Conditional query tags do not work before the query is run. Before then, they always return false. Please see <a href="https://wordpress.org/documentation/article/debugging-in-wordpress/">Debugging in WordPress</a> for more information. (This message was added in version 3.1.0.) in D:\wordpress.website\app\public\wp-includes\functions.php on line 5865
[15-Jun-2023 10:43:43 UTC] PHP Fatal error:  Uncaught TypeError: call_user_func_array(): Argument #1 ($callback) must be a valid callback, class Functions\Start does not have a method "enqueue_cripts" in D:\wordpress.website\app\public\wp-includes\class-wp-hook.php:308
Stack trace:
#0 D:\wordpress.website\app\public\wp-includes\class-wp-hook.php(332): WP_Hook->apply_filters(NULL, Array)
#1 D:\wordpress.website\app\public\wp-includes\plugin.php(517): WP_Hook->do_action(Array)
#2 D:\wordpress.website\app\public\wp-includes\script-loader.php(2194): do_action('wp_enqueue_scri...')
#3 D:\wordpress.website\app\public\wp-includes\class-wp-hook.php(308): wp_enqueue_scripts('')
#4 D:\wordpress.website\app\public\wp-includes\class-wp-hook.php(332): WP_Hook->apply_filters(NULL, Array)
#5 D:\wordpress.website\app\public\wp-includes\plugin.php(517): WP_Hook->do_action(Array)
#6 D:\wordpress.website\app\public\wp-includes\general-template.php(3049): do_action('wp_head')
#7 D:\wordpress.website\app\public\wp-content\themes\wordpresstheme\header.php(24): wp_head()
#8 D:\wordpress.website\app\public\wp-includes\template.php(783): require_once('D:\\wordpress.we...')
#9 D:\wordpress.website\app\public\wp-includes\template.php(718): load_template('D:\\wordpress.we...', true, Array)
#10 D:\wordpress.website\app\public\wp-includes\general-template.php(48): locate_template(Array, true, true, Array)
#11 D:\wordpress.website\app\public\wp-content\themes\wordpresstheme\404.php(1): get_header()
#12 D:\wordpress.website\app\public\wp-includes\template-loader.php(106): include('D:\\wordpress.we...')
#13 D:\wordpress.website\app\public\wp-blog-header.php(19): require_once('D:\\wordpress.we...')
#14 D:\wordpress.website\app\public\index.php(17): require('D:\\wordpress.we...')
#15 {main}
  thrown in D:\wordpress.website\app\public\wp-includes\class-wp-hook.php on line 308
[15-Jun-2023 10:43:43 UTC] PHP Deprecated:  trim(): Passing null to parameter #1 ($string) of type string is deprecated in D:\wordpress.website\app\public\wp-content\plugins\localization\vendor\wpsyntex\polylang\include\class-polylang.php on line 98
[15-Jun-2023 10:43:43 UTC] PHP Notice:  Function is_feed was called <strong>incorrectly</strong>. Conditional query tags do not work before the query is run. Before then, they always return false. Please see <a href="https://wordpress.org/documentation/article/debugging-in-wordpress/">Debugging in WordPress</a> for more information. (This message was added in version 3.1.0.) in D:\wordpress.website\app\public\wp-includes\functions.php on line 5865
[15-Jun-2023 10:43:43 UTC] PHP Fatal error:  Uncaught TypeError: call_user_func_array(): Argument #1 ($callback) must be a valid callback, class Functions\Start does not have a method "enqueue_cripts" in D:\wordpress.website\app\public\wp-includes\class-wp-hook.php:308
Stack trace:
#0 D:\wordpress.website\app\public\wp-includes\class-wp-hook.php(332): WP_Hook->apply_filters(NULL, Array)
#1 D:\wordpress.website\app\public\wp-includes\plugin.php(517): WP_Hook->do_action(Array)
#2 D:\wordpress.website\app\public\wp-includes\script-loader.php(2194): do_action('wp_enqueue_scri...')
#3 D:\wordpress.website\app\public\wp-includes\class-wp-hook.php(308): wp_enqueue_scripts('')
#4 D:\wordpress.website\app\public\wp-includes\class-wp-hook.php(332): WP_Hook->apply_filters(NULL, Array)
#5 D:\wordpress.website\app\public\wp-includes\plugin.php(517): WP_Hook->do_action(Array)
#6 D:\wordpress.website\app\public\wp-includes\general-template.php(3049): do_action('wp_head')
#7 D:\wordpress.website\app\public\wp-content\themes\wordpresstheme\header.php(24): wp_head()
#8 D:\wordpress.website\app\public\wp-includes\template.php(783): require_once('D:\\wordpress.we...')
#9 D:\wordpress.website\app\public\wp-includes\template.php(718): load_template('D:\\wordpress.we...', true, Array)
#10 D:\wordpress.website\app\public\wp-includes\general-template.php(48): locate_template(Array, true, true, Array)
#11 D:\wordpress.website\app\public\wp-content\themes\wordpresstheme\404.php(1): get_header()
#12 D:\wordpress.website\app\public\wp-includes\template-loader.php(106): include('D:\\wordpress.we...')
#13 D:\wordpress.website\app\public\wp-blog-header.php(19): require_once('D:\\wordpress.we...')
#14 D:\wordpress.website\app\public\index.php(17): require('D:\\wordpress.we...')
#15 {main}
  thrown in D:\wordpress.website\app\public\wp-includes\class-wp-hook.php on line 308
[15-Jun-2023 10:43:43 UTC] PHP Deprecated:  trim(): Passing null to parameter #1 ($string) of type string is deprecated in D:\wordpress.website\app\public\wp-content\plugins\localization\vendor\wpsyntex\polylang\include\class-polylang.php on line 98
[15-Jun-2023 10:43:43 UTC] PHP Notice:  Function is_feed was called <strong>incorrectly</strong>. Conditional query tags do not work before the query is run. Before then, they always return false. Please see <a href="https://wordpress.org/documentation/article/debugging-in-wordpress/">Debugging in WordPress</a> for more information. (This message was added in version 3.1.0.) in D:\wordpress.website\app\public\wp-includes\functions.php on line 5865
[15-Jun-2023 10:43:43 UTC] PHP Fatal error:  Uncaught TypeError: call_user_func_array(): Argument #1 ($callback) must be a valid callback, class Functions\Start does not have a method "enqueue_cripts" in D:\wordpress.website\app\public\wp-includes\class-wp-hook.php:308
Stack trace:
#0 D:\wordpress.website\app\public\wp-includes\class-wp-hook.php(332): WP_Hook->apply_filters(NULL, Array)
#1 D:\wordpress.website\app\public\wp-includes\plugin.php(517): WP_Hook->do_action(Array)
#2 D:\wordpress.website\app\public\wp-includes\script-loader.php(2194): do_action('wp_enqueue_scri...')
#3 D:\wordpress.website\app\public\wp-includes\class-wp-hook.php(308): wp_enqueue_scripts('')
#4 D:\wordpress.website\app\public\wp-includes\class-wp-hook.php(332): WP_Hook->apply_filters(NULL, Array)
#5 D:\wordpress.website\app\public\wp-includes\plugin.php(517): WP_Hook->do_action(Array)
#6 D:\wordpress.website\app\public\wp-includes\general-template.php(3049): do_action('wp_head')
#7 D:\wordpress.website\app\public\wp-content\themes\wordpresstheme\header.php(24): wp_head()
#8 D:\wordpress.website\app\public\wp-includes\template.php(783): require_once('D:\\wordpress.we...')
#9 D:\wordpress.website\app\public\wp-includes\template.php(718): load_template('D:\\wordpress.we...', true, Array)
#10 D:\wordpress.website\app\public\wp-includes\general-template.php(48): locate_template(Array, true, true, Array)
#11 D:\wordpress.website\app\public\wp-content\themes\wordpresstheme\page-home.php(6): get_header()
#12 D:\wordpress.website\app\public\wp-includes\template-loader.php(106): include('D:\\wordpress.we...')
#13 D:\wordpress.website\app\public\wp-blog-header.php(19): require_once('D:\\wordpress.we...')
#14 D:\wordpress.website\app\public\index.php(17): require('D:\\wordpress.we...')
#15 {main}
  thrown in D:\wordpress.website\app\public\wp-includes\class-wp-hook.php on line 308
[15-Jun-2023 10:43:43 UTC] PHP Deprecated:  trim(): Passing null to parameter #1 ($string) of type string is deprecated in D:\wordpress.website\app\public\wp-content\plugins\localization\vendor\wpsyntex\polylang\include\class-polylang.php on line 98
[15-Jun-2023 10:43:43 UTC] PHP Notice:  Function is_feed was called <strong>incorrectly</strong>. Conditional query tags do not work before the query is run. Before then, they always return false. Please see <a href="https://wordpress.org/documentation/article/debugging-in-wordpress/">Debugging in WordPress</a> for more information. (This message was added in version 3.1.0.) in D:\wordpress.website\app\public\wp-includes\functions.php on line 5865
[15-Jun-2023 10:43:43 UTC] PHP Fatal error:  Uncaught TypeError: call_user_func_array(): Argument #1 ($callback) must be a valid callback, class Functions\Start does not have a method "enqueue_cripts" in D:\wordpress.website\app\public\wp-includes\class-wp-hook.php:308
Stack trace:
#0 D:\wordpress.website\app\public\wp-includes\class-wp-hook.php(332): WP_Hook->apply_filters(NULL, Array)
#1 D:\wordpress.website\app\public\wp-includes\plugin.php(517): WP_Hook->do_action(Array)
#2 D:\wordpress.website\app\public\wp-includes\script-loader.php(2194): do_action('wp_enqueue_scri...')
#3 D:\wordpress.website\app\public\wp-includes\class-wp-hook.php(308): wp_enqueue_scripts('')
#4 D:\wordpress.website\app\public\wp-includes\class-wp-hook.php(332): WP_Hook->apply_filters(NULL, Array)
#5 D:\wordpress.website\app\public\wp-includes\plugin.php(517): WP_Hook->do_action(Array)
#6 D:\wordpress.website\app\public\wp-includes\general-template.php(3049): do_action('wp_head')
#7 D:\wordpress.website\app\public\wp-content\themes\wordpresstheme\header.php(24): wp_head()
#8 D:\wordpress.website\app\public\wp-includes\template.php(783): require_once('D:\\wordpress.we...')
#9 D:\wordpress.website\app\public\wp-includes\template.php(718): load_template('D:\\wordpress.we...', true, Array)
#10 D:\wordpress.website\app\public\wp-includes\general-template.php(48): locate_template(Array, true, true, Array)
#11 D:\wordpress.website\app\public\wp-content\themes\wordpresstheme\404.php(1): get_header()
#12 D:\wordpress.website\app\public\wp-includes\template-loader.php(106): include('D:\\wordpress.we...')
#13 D:\wordpress.website\app\public\wp-blog-header.php(19): require_once('D:\\wordpress.we...')
#14 D:\wordpress.website\app\public\index.php(17): require('D:\\wordpress.we...')
#15 {main}
  thrown in D:\wordpress.website\app\public\wp-includes\class-wp-hook.php on line 308
[15-Jun-2023 10:43:43 UTC] PHP Deprecated:  trim(): Passing null to parameter #1 ($string) of type string is deprecated in D:\wordpress.website\app\public\wp-content\plugins\localization\vendor\wpsyntex\polylang\include\class-polylang.php on line 98
[15-Jun-2023 10:43:43 UTC] PHP Notice:  Function is_feed was called <strong>incorrectly</strong>. Conditional query tags do not work before the query is run. Before then, they always return false. Please see <a href="https://wordpress.org/documentation/article/debugging-in-wordpress/">Debugging in WordPress</a> for more information. (This message was added in version 3.1.0.) in D:\wordpress.website\app\public\wp-includes\functions.php on line 5865
[15-Jun-2023 10:43:43 UTC] PHP Fatal error:  Uncaught TypeError: call_user_func_array(): Argument #1 ($callback) must be a valid callback, class Functions\Start does not have a method "enqueue_cripts" in D:\wordpress.website\app\public\wp-includes\class-wp-hook.php:308
Stack trace:
#0 D:\wordpress.website\app\public\wp-includes\class-wp-hook.php(332): WP_Hook->apply_filters(NULL, Array)
#1 D:\wordpress.website\app\public\wp-includes\plugin.php(517): WP_Hook->do_action(Array)
#2 D:\wordpress.website\app\public\wp-includes\script-loader.php(2194): do_action('wp_enqueue_scri...')
#3 D:\wordpress.website\app\public\wp-includes\class-wp-hook.php(308): wp_enqueue_scripts('')
#4 D:\wordpress.website\app\public\wp-includes\class-wp-hook.php(332): WP_Hook->apply_filters(NULL, Array)
#5 D:\wordpress.website\app\public\wp-includes\plugin.php(517): WP_Hook->do_action(Array)
#6 D:\wordpress.website\app\public\wp-includes\general-template.php(3049): do_action('wp_head')
#7 D:\wordpress.website\app\public\wp-content\themes\wordpresstheme\header.php(24): wp_head()
#8 D:\wordpress.website\app\public\wp-includes\template.php(783): require_once('D:\\wordpress.we...')
#9 D:\wordpress.website\app\public\wp-includes\template.php(718): load_template('D:\\wordpress.we...', true, Array)
#10 D:\wordpress.website\app\public\wp-includes\general-template.php(48): locate_template(Array, true, true, Array)
#11 D:\wordpress.website\app\public\wp-content\themes\wordpresstheme\404.php(1): get_header()
#12 D:\wordpress.website\app\public\wp-includes\template-loader.php(106): include('D:\\wordpress.we...')
#13 D:\wordpress.website\app\public\wp-blog-header.php(19): require_once('D:\\wordpress.we...')
#14 D:\wordpress.website\app\public\index.php(17): require('D:\\wordpress.we...')
#15 {main}
  thrown in D:\wordpress.website\app\public\wp-includes\class-wp-hook.php on line 308
[15-Jun-2023 10:46:59 UTC] PHP Deprecated:  trim(): Passing null to parameter #1 ($string) of type string is deprecated in D:\wordpress.website\app\public\wp-content\plugins\localization\vendor\wpsyntex\polylang\include\class-polylang.php on line 98
[15-Jun-2023 10:46:59 UTC] PHP Notice:  Function is_feed was called <strong>incorrectly</strong>. Conditional query tags do not work before the query is run. Before then, they always return false. Please see <a href="https://wordpress.org/documentation/article/debugging-in-wordpress/">Debugging in WordPress</a> for more information. (This message was added in version 3.1.0.) in D:\wordpress.website\app\public\wp-includes\functions.php on line 5865
[15-Jun-2023 10:46:59 UTC] PHP Fatal error:  Uncaught TypeError: call_user_func_array(): Argument #1 ($callback) must be a valid callback, class Functions\Start does not have a method "enqueue_cripts" in D:\wordpress.website\app\public\wp-includes\class-wp-hook.php:308
Stack trace:
#0 D:\wordpress.website\app\public\wp-includes\class-wp-hook.php(332): WP_Hook->apply_filters(NULL, Array)
#1 D:\wordpress.website\app\public\wp-includes\plugin.php(517): WP_Hook->do_action(Array)
#2 D:\wordpress.website\app\public\wp-includes\script-loader.php(2194): do_action('wp_enqueue_scri...')
#3 D:\wordpress.website\app\public\wp-includes\class-wp-hook.php(308): wp_enqueue_scripts('')
#4 D:\wordpress.website\app\public\wp-includes\class-wp-hook.php(332): WP_Hook->apply_filters(NULL, Array)
#5 D:\wordpress.website\app\public\wp-includes\plugin.php(517): WP_Hook->do_action(Array)
#6 D:\wordpress.website\app\public\wp-includes\general-template.php(3049): do_action('wp_head')
#7 D:\wordpress.website\app\public\wp-content\themes\wordpresstheme\header.php(24): wp_head()
#8 D:\wordpress.website\app\public\wp-includes\template.php(783): require_once('D:\\wordpress.we...')
#9 D:\wordpress.website\app\public\wp-includes\template.php(718): load_template('D:\\wordpress.we...', true, Array)
#10 D:\wordpress.website\app\public\wp-includes\general-template.php(48): locate_template(Array, true, true, Array)
#11 D:\wordpress.website\app\public\wp-content\themes\wordpresstheme\page-home.php(6): get_header()
#12 D:\wordpress.website\app\public\wp-includes\template-loader.php(106): include('D:\\wordpress.we...')
#13 D:\wordpress.website\app\public\wp-blog-header.php(19): require_once('D:\\wordpress.we...')
#14 D:\wordpress.website\app\public\index.php(17): require('D:\\wordpress.we...')
#15 {main}
  thrown in D:\wordpress.website\app\public\wp-includes\class-wp-hook.php on line 308
[15-Jun-2023 10:46:59 UTC] PHP Deprecated:  trim(): Passing null to parameter #1 ($string) of type string is deprecated in D:\wordpress.website\app\public\wp-content\plugins\localization\vendor\wpsyntex\polylang\include\class-polylang.php on line 98
[15-Jun-2023 10:46:59 UTC] PHP Notice:  Function is_feed was called <strong>incorrectly</strong>. Conditional query tags do not work before the query is run. Before then, they always return false. Please see <a href="https://wordpress.org/documentation/article/debugging-in-wordpress/">Debugging in WordPress</a> for more information. (This message was added in version 3.1.0.) in D:\wordpress.website\app\public\wp-includes\functions.php on line 5865
[15-Jun-2023 10:46:59 UTC] PHP Fatal error:  Uncaught TypeError: call_user_func_array(): Argument #1 ($callback) must be a valid callback, class Functions\Start does not have a method "enqueue_cripts" in D:\wordpress.website\app\public\wp-includes\class-wp-hook.php:308
Stack trace:
#0 D:\wordpress.website\app\public\wp-includes\class-wp-hook.php(332): WP_Hook->apply_filters(NULL, Array)
#1 D:\wordpress.website\app\public\wp-includes\plugin.php(517): WP_Hook->do_action(Array)
#2 D:\wordpress.website\app\public\wp-includes\script-loader.php(2194): do_action('wp_enqueue_scri...')
#3 D:\wordpress.website\app\public\wp-includes\class-wp-hook.php(308): wp_enqueue_scripts('')
#4 D:\wordpress.website\app\public\wp-includes\class-wp-hook.php(332): WP_Hook->apply_filters(NULL, Array)
#5 D:\wordpress.website\app\public\wp-includes\plugin.php(517): WP_Hook->do_action(Array)
#6 D:\wordpress.website\app\public\wp-includes\general-template.php(3049): do_action('wp_head')
#7 D:\wordpress.website\app\public\wp-content\themes\wordpresstheme\header.php(24): wp_head()
#8 D:\wordpress.website\app\public\wp-includes\template.php(783): require_once('D:\\wordpress.we...')
#9 D:\wordpress.website\app\public\wp-includes\template.php(718): load_template('D:\\wordpress.we...', true, Array)
#10 D:\wordpress.website\app\public\wp-includes\general-template.php(48): locate_template(Array, true, true, Array)
#11 D:\wordpress.website\app\public\wp-content\themes\wordpresstheme\404.php(1): get_header()
#12 D:\wordpress.website\app\public\wp-includes\template-loader.php(106): include('D:\\wordpress.we...')
#13 D:\wordpress.website\app\public\wp-blog-header.php(19): require_once('D:\\wordpress.we...')
#14 D:\wordpress.website\app\public\index.php(17): require('D:\\wordpress.we...')
#15 {main}
  thrown in D:\wordpress.website\app\public\wp-includes\class-wp-hook.php on line 308
[15-Jun-2023 10:46:59 UTC] PHP Deprecated:  trim(): Passing null to parameter #1 ($string) of type string is deprecated in D:\wordpress.website\app\public\wp-content\plugins\localization\vendor\wpsyntex\polylang\include\class-polylang.php on line 98
[15-Jun-2023 10:46:59 UTC] PHP Notice:  Function is_feed was called <strong>incorrectly</strong>. Conditional query tags do not work before the query is run. Before then, they always return false. Please see <a href="https://wordpress.org/documentation/article/debugging-in-wordpress/">Debugging in WordPress</a> for more information. (This message was added in version 3.1.0.) in D:\wordpress.website\app\public\wp-includes\functions.php on line 5865
[15-Jun-2023 10:46:59 UTC] PHP Fatal error:  Uncaught TypeError: call_user_func_array(): Argument #1 ($callback) must be a valid callback, class Functions\Start does not have a method "enqueue_cripts" in D:\wordpress.website\app\public\wp-includes\class-wp-hook.php:308
Stack trace:
#0 D:\wordpress.website\app\public\wp-includes\class-wp-hook.php(332): WP_Hook->apply_filters(NULL, Array)
#1 D:\wordpress.website\app\public\wp-includes\plugin.php(517): WP_Hook->do_action(Array)
#2 D:\wordpress.website\app\public\wp-includes\script-loader.php(2194): do_action('wp_enqueue_scri...')
#3 D:\wordpress.website\app\public\wp-includes\class-wp-hook.php(308): wp_enqueue_scripts('')
#4 D:\wordpress.website\app\public\wp-includes\class-wp-hook.php(332): WP_Hook->apply_filters(NULL, Array)
#5 D:\wordpress.website\app\public\wp-includes\plugin.php(517): WP_Hook->do_action(Array)
#6 D:\wordpress.website\app\public\wp-includes\general-template.php(3049): do_action('wp_head')
#7 D:\wordpress.website\app\public\wp-content\themes\wordpresstheme\header.php(24): wp_head()
#8 D:\wordpress.website\app\public\wp-includes\template.php(783): require_once('D:\\wordpress.we...')
#9 D:\wordpress.website\app\public\wp-includes\template.php(718): load_template('D:\\wordpress.we...', true, Array)
#10 D:\wordpress.website\app\public\wp-includes\general-template.php(48): locate_template(Array, true, true, Array)
#11 D:\wordpress.website\app\public\wp-content\themes\wordpresstheme\404.php(1): get_header()
#12 D:\wordpress.website\app\public\wp-includes\template-loader.php(106): include('D:\\wordpress.we...')
#13 D:\wordpress.website\app\public\wp-blog-header.php(19): require_once('D:\\wordpress.we...')
#14 D:\wordpress.website\app\public\index.php(17): require('D:\\wordpress.we...')
#15 {main}
  thrown in D:\wordpress.website\app\public\wp-includes\class-wp-hook.php on line 308
[15-Jun-2023 10:47:21 UTC] PHP Deprecated:  trim(): Passing null to parameter #1 ($string) of type string is deprecated in D:\wordpress.website\app\public\wp-content\plugins\localization\vendor\wpsyntex\polylang\include\class-polylang.php on line 98
[15-Jun-2023 10:47:21 UTC] PHP Notice:  Function is_feed was called <strong>incorrectly</strong>. Conditional query tags do not work before the query is run. Before then, they always return false. Please see <a href="https://wordpress.org/documentation/article/debugging-in-wordpress/">Debugging in WordPress</a> for more information. (This message was added in version 3.1.0.) in D:\wordpress.website\app\public\wp-includes\functions.php on line 5865
[15-Jun-2023 10:47:21 UTC] PHP Fatal error:  Uncaught TypeError: call_user_func_array(): Argument #1 ($callback) must be a valid callback, class Functions\Start does not have a method "enqueue_cripts" in D:\wordpress.website\app\public\wp-includes\class-wp-hook.php:308
Stack trace:
#0 D:\wordpress.website\app\public\wp-includes\class-wp-hook.php(332): WP_Hook->apply_filters(NULL, Array)
#1 D:\wordpress.website\app\public\wp-includes\plugin.php(517): WP_Hook->do_action(Array)
#2 D:\wordpress.website\app\public\wp-includes\script-loader.php(2194): do_action('wp_enqueue_scri...')
#3 D:\wordpress.website\app\public\wp-includes\class-wp-hook.php(308): wp_enqueue_scripts('')
#4 D:\wordpress.website\app\public\wp-includes\class-wp-hook.php(332): WP_Hook->apply_filters(NULL, Array)
#5 D:\wordpress.website\app\public\wp-includes\plugin.php(517): WP_Hook->do_action(Array)
#6 D:\wordpress.website\app\public\wp-includes\general-template.php(3049): do_action('wp_head')
#7 D:\wordpress.website\app\public\wp-content\themes\wordpresstheme\header.php(24): wp_head()
#8 D:\wordpress.website\app\public\wp-includes\template.php(783): require_once('D:\\wordpress.we...')
#9 D:\wordpress.website\app\public\wp-includes\template.php(718): load_template('D:\\wordpress.we...', true, Array)
#10 D:\wordpress.website\app\public\wp-includes\general-template.php(48): locate_template(Array, true, true, Array)
#11 D:\wordpress.website\app\public\wp-content\themes\wordpresstheme\page-home.php(6): get_header()
#12 D:\wordpress.website\app\public\wp-includes\template-loader.php(106): include('D:\\wordpress.we...')
#13 D:\wordpress.website\app\public\wp-blog-header.php(19): require_once('D:\\wordpress.we...')
#14 D:\wordpress.website\app\public\index.php(17): require('D:\\wordpress.we...')
#15 {main}
  thrown in D:\wordpress.website\app\public\wp-includes\class-wp-hook.php on line 308
[15-Jun-2023 10:47:21 UTC] PHP Deprecated:  trim(): Passing null to parameter #1 ($string) of type string is deprecated in D:\wordpress.website\app\public\wp-content\plugins\localization\vendor\wpsyntex\polylang\include\class-polylang.php on line 98
[15-Jun-2023 10:47:21 UTC] PHP Notice:  Function is_feed was called <strong>incorrectly</strong>. Conditional query tags do not work before the query is run. Before then, they always return false. Please see <a href="https://wordpress.org/documentation/article/debugging-in-wordpress/">Debugging in WordPress</a> for more information. (This message was added in version 3.1.0.) in D:\wordpress.website\app\public\wp-includes\functions.php on line 5865
[15-Jun-2023 10:47:21 UTC] PHP Fatal error:  Uncaught TypeError: call_user_func_array(): Argument #1 ($callback) must be a valid callback, class Functions\Start does not have a method "enqueue_cripts" in D:\wordpress.website\app\public\wp-includes\class-wp-hook.php:308
Stack trace:
#0 D:\wordpress.website\app\public\wp-includes\class-wp-hook.php(332): WP_Hook->apply_filters(NULL, Array)
#1 D:\wordpress.website\app\public\wp-includes\plugin.php(517): WP_Hook->do_action(Array)
#2 D:\wordpress.website\app\public\wp-includes\script-loader.php(2194): do_action('wp_enqueue_scri...')
#3 D:\wordpress.website\app\public\wp-includes\class-wp-hook.php(308): wp_enqueue_scripts('')
#4 D:\wordpress.website\app\public\wp-includes\class-wp-hook.php(332): WP_Hook->apply_filters(NULL, Array)
#5 D:\wordpress.website\app\public\wp-includes\plugin.php(517): WP_Hook->do_action(Array)
#6 D:\wordpress.website\app\public\wp-includes\general-template.php(3049): do_action('wp_head')
#7 D:\wordpress.website\app\public\wp-content\themes\wordpresstheme\header.php(24): wp_head()
#8 D:\wordpress.website\app\public\wp-includes\template.php(783): require_once('D:\\wordpress.we...')
#9 D:\wordpress.website\app\public\wp-includes\template.php(718): load_template('D:\\wordpress.we...', true, Array)
#10 D:\wordpress.website\app\public\wp-includes\general-template.php(48): locate_template(Array, true, true, Array)
#11 D:\wordpress.website\app\public\wp-content\themes\wordpresstheme\404.php(1): get_header()
#12 D:\wordpress.website\app\public\wp-includes\template-loader.php(106): include('D:\\wordpress.we...')
#13 D:\wordpress.website\app\public\wp-blog-header.php(19): require_once('D:\\wordpress.we...')
#14 D:\wordpress.website\app\public\index.php(17): require('D:\\wordpress.we...')
#15 {main}
  thrown in D:\wordpress.website\app\public\wp-includes\class-wp-hook.php on line 308
[15-Jun-2023 10:47:21 UTC] PHP Deprecated:  trim(): Passing null to parameter #1 ($string) of type string is deprecated in D:\wordpress.website\app\public\wp-content\plugins\localization\vendor\wpsyntex\polylang\include\class-polylang.php on line 98
[15-Jun-2023 10:47:21 UTC] PHP Notice:  Function is_feed was called <strong>incorrectly</strong>. Conditional query tags do not work before the query is run. Before then, they always return false. Please see <a href="https://wordpress.org/documentation/article/debugging-in-wordpress/">Debugging in WordPress</a> for more information. (This message was added in version 3.1.0.) in D:\wordpress.website\app\public\wp-includes\functions.php on line 5865
[15-Jun-2023 10:47:21 UTC] PHP Fatal error:  Uncaught TypeError: call_user_func_array(): Argument #1 ($callback) must be a valid callback, class Functions\Start does not have a method "enqueue_cripts" in D:\wordpress.website\app\public\wp-includes\class-wp-hook.php:308
Stack trace:
#0 D:\wordpress.website\app\public\wp-includes\class-wp-hook.php(332): WP_Hook->apply_filters(NULL, Array)
#1 D:\wordpress.website\app\public\wp-includes\plugin.php(517): WP_Hook->do_action(Array)
#2 D:\wordpress.website\app\public\wp-includes\script-loader.php(2194): do_action('wp_enqueue_scri...')
#3 D:\wordpress.website\app\public\wp-includes\class-wp-hook.php(308): wp_enqueue_scripts('')
#4 D:\wordpress.website\app\public\wp-includes\class-wp-hook.php(332): WP_Hook->apply_filters(NULL, Array)
#5 D:\wordpress.website\app\public\wp-includes\plugin.php(517): WP_Hook->do_action(Array)
#6 D:\wordpress.website\app\public\wp-includes\general-template.php(3049): do_action('wp_head')
#7 D:\wordpress.website\app\public\wp-content\themes\wordpresstheme\header.php(24): wp_head()
#8 D:\wordpress.website\app\public\wp-includes\template.php(783): require_once('D:\\wordpress.we...')
#9 D:\wordpress.website\app\public\wp-includes\template.php(718): load_template('D:\\wordpress.we...', true, Array)
#10 D:\wordpress.website\app\public\wp-includes\general-template.php(48): locate_template(Array, true, true, Array)
#11 D:\wordpress.website\app\public\wp-content\themes\wordpresstheme\404.php(1): get_header()
#12 D:\wordpress.website\app\public\wp-includes\template-loader.php(106): include('D:\\wordpress.we...')
#13 D:\wordpress.website\app\public\wp-blog-header.php(19): require_once('D:\\wordpress.we...')
#14 D:\wordpress.website\app\public\index.php(17): require('D:\\wordpress.we...')
#15 {main}
  thrown in D:\wordpress.website\app\public\wp-includes\class-wp-hook.php on line 308
[15-Jun-2023 10:47:41 UTC] PHP Deprecated:  trim(): Passing null to parameter #1 ($string) of type string is deprecated in D:\wordpress.website\app\public\wp-content\plugins\localization\vendor\wpsyntex\polylang\include\class-polylang.php on line 98
[15-Jun-2023 10:47:41 UTC] PHP Notice:  Function is_feed was called <strong>incorrectly</strong>. Conditional query tags do not work before the query is run. Before then, they always return false. Please see <a href="https://wordpress.org/documentation/article/debugging-in-wordpress/">Debugging in WordPress</a> for more information. (This message was added in version 3.1.0.) in D:\wordpress.website\app\public\wp-includes\functions.php on line 5865
[15-Jun-2023 10:48:30 UTC] PHP Deprecated:  trim(): Passing null to parameter #1 ($string) of type string is deprecated in D:\wordpress.website\app\public\wp-content\plugins\localization\vendor\wpsyntex\polylang\include\class-polylang.php on line 98
[15-Jun-2023 10:48:30 UTC] PHP Notice:  Function is_feed was called <strong>incorrectly</strong>. Conditional query tags do not work before the query is run. Before then, they always return false. Please see <a href="https://wordpress.org/documentation/article/debugging-in-wordpress/">Debugging in WordPress</a> for more information. (This message was added in version 3.1.0.) in D:\wordpress.website\app\public\wp-includes\functions.php on line 5865
[15-Jun-2023 11:46:25 UTC] PHP Deprecated:  trim(): Passing null to parameter #1 ($string) of type string is deprecated in D:\wordpress.website\app\public\wp-content\plugins\localization\vendor\wpsyntex\polylang\include\class-polylang.php on line 98
[15-Jun-2023 11:46:25 UTC] PHP Notice:  Function is_feed was called <strong>incorrectly</strong>. Conditional query tags do not work before the query is run. Before then, they always return false. Please see <a href="https://wordpress.org/documentation/article/debugging-in-wordpress/">Debugging in WordPress</a> for more information. (This message was added in version 3.1.0.) in D:\wordpress.website\app\public\wp-includes\functions.php on line 5865
[15-Jun-2023 11:46:31 UTC] PHP Deprecated:  trim(): Passing null to parameter #1 ($string) of type string is deprecated in D:\wordpress.website\app\public\wp-content\plugins\localization\vendor\wpsyntex\polylang\include\class-polylang.php on line 98
[15-Jun-2023 11:46:31 UTC] PHP Notice:  Function is_feed was called <strong>incorrectly</strong>. Conditional query tags do not work before the query is run. Before then, they always return false. Please see <a href="https://wordpress.org/documentation/article/debugging-in-wordpress/">Debugging in WordPress</a> for more information. (This message was added in version 3.1.0.) in D:\wordpress.website\app\public\wp-includes\functions.php on line 5865
[15-Jun-2023 11:46:31 UTC] PHP Fatal error:  Uncaught TypeError: call_user_func_array(): Argument #1 ($callback) must be a valid callback, class Functions\Start does not have a method "enqueue_cripts" in D:\wordpress.website\app\public\wp-includes\class-wp-hook.php:308
Stack trace:
#0 D:\wordpress.website\app\public\wp-includes\class-wp-hook.php(332): WP_Hook->apply_filters(NULL, Array)
#1 D:\wordpress.website\app\public\wp-includes\plugin.php(517): WP_Hook->do_action(Array)
#2 D:\wordpress.website\app\public\wp-includes\script-loader.php(2194): do_action('wp_enqueue_scri...')
#3 D:\wordpress.website\app\public\wp-includes\class-wp-hook.php(308): wp_enqueue_scripts('')
#4 D:\wordpress.website\app\public\wp-includes\class-wp-hook.php(332): WP_Hook->apply_filters(NULL, Array)
#5 D:\wordpress.website\app\public\wp-includes\plugin.php(517): WP_Hook->do_action(Array)
#6 D:\wordpress.website\app\public\wp-includes\general-template.php(3049): do_action('wp_head')
#7 D:\wordpress.website\app\public\wp-content\themes\wordpresstheme\header.php(24): wp_head()
#8 D:\wordpress.website\app\public\wp-includes\template.php(783): require_once('D:\\wordpress.we...')
#9 D:\wordpress.website\app\public\wp-includes\template.php(718): load_template('D:\\wordpress.we...', true, Array)
#10 D:\wordpress.website\app\public\wp-includes\general-template.php(48): locate_template(Array, true, true, Array)
#11 D:\wordpress.website\app\public\wp-content\themes\wordpresstheme\page-home.php(6): get_header()
#12 D:\wordpress.website\app\public\wp-includes\template-loader.php(106): include('D:\\wordpress.we...')
#13 D:\wordpress.website\app\public\wp-blog-header.php(19): require_once('D:\\wordpress.we...')
#14 D:\wordpress.website\app\public\index.php(17): require('D:\\wordpress.we...')
#15 {main}
  thrown in D:\wordpress.website\app\public\wp-includes\class-wp-hook.php on line 308
